<?xml version="1.0" encoding="UTF-8"?>
<testng-results skipped="0" failed="0" ignored="0" total="1" passed="1">
  <reporter-output>
  </reporter-output>
  <suite name="Default suite" duration-ms="64093" started-at="2021-11-16T13:51:19 IST" finished-at="2021-11-16T13:52:23 IST">
    <groups>
    </groups>
    <test name="Default test" duration-ms="64093" started-at="2021-11-16T13:51:19 IST" finished-at="2021-11-16T13:52:23 IST">
      <class name="org.lennox.testcases.PurchaseCompressors_Flow">
        <test-method status="PASS" signature="startExecution()[pri:0, instance:org.lennox.testcases.PurchaseCompressors_Flow@f75083]" name="startExecution" is-config="true" duration-ms="42137" started-at="2021-11-16T13:51:19 IST" finished-at="2021-11-16T13:52:01 IST">
          <reporter-output>
          </reporter-output>
        </test-method> <!-- startExecution -->
        <test-method status="PASS" signature="purchase_compressor_flow()[pri:0, instance:org.lennox.testcases.PurchaseCompressors_Flow@f75083]" name="purchase_compressor_flow" duration-ms="20954" started-at="2021-11-16T13:52:02 IST" finished-at="2021-11-16T13:52:23 IST">
          <reporter-output>
          </reporter-output>
        </test-method> <!-- purchase_compressor_flow -->
        <test-method status="PASS" signature="endExecution()[pri:0, instance:org.lennox.testcases.PurchaseCompressors_Flow@f75083]" name="endExecution" is-config="true" duration-ms="896" started-at="2021-11-16T13:52:23 IST" finished-at="2021-11-16T13:52:23 IST">
          <reporter-output>
          </reporter-output>
        </test-method> <!-- endExecution -->
      </class> <!-- org.lennox.testcases.PurchaseCompressors_Flow -->
    </test> <!-- Default test -->
  </suite> <!-- Default suite -->
</testng-results>
